<?xml version="1.0" encoding="UTF-8"?>
<!-- Generated by org.testng.reporters.JUnitXMLReporter -->
<testsuite hostname="EPINHYDW0743" ignored="1" name="Test" tests="2" failures="0" timestamp="21 Jul 2017 09:52:05 GMT" time="13.985" errors="0">
  <testcase name="testMethod1" time="6.17" classname="com.clicklabs.test.TrivagoTest"/>
  <testcase name="testMethod2" time="3.84" classname="com.clicklabs.test.TrivagoTest"/>
  <testcase name="testMethod3" time="0.0" classname="com.clicklabs.test.TrivagoTest">
    <ignored/>
  </testcase> <!-- testMethod3 -->
</testsuite> <!-- Test -->
