<?xml version="1.0" encoding="UTF-8"?>
<testng-results skipped="0" failed="0" ignored="0" total="1" passed="1">
  <reporter-output>
  </reporter-output>
  <suite name="Suite" duration-ms="12423" started-at="2017-07-19T08:26:21Z" finished-at="2017-07-19T08:26:34Z">
    <groups>
    </groups>
    <test name="Test" duration-ms="12423" started-at="2017-07-19T08:26:21Z" finished-at="2017-07-19T08:26:34Z">
      <class name="com.epam.test.GitHubTest">
        <test-method status="PASS" signature="setup()[pri:0, instance:com.epam.test.GitHubTest@18be83e4]" name="setup" is-config="true" duration-ms="2948" started-at="2017-07-19T13:56:21Z" finished-at="2017-07-19T13:56:24Z">
          <reporter-output>
          </reporter-output>
        </test-method> <!-- setup -->
        <test-method status="PASS" signature="loginTest()[pri:0, instance:com.epam.test.GitHubTest@18be83e4]" name="loginTest" duration-ms="8617" started-at="2017-07-19T13:56:24Z" finished-at="2017-07-19T13:56:33Z">
          <reporter-output>
          </reporter-output>
        </test-method> <!-- loginTest -->
        <test-method status="PASS" signature="Teardown()[pri:0, instance:com.epam.test.GitHubTest@18be83e4]" name="Teardown" is-config="true" duration-ms="847" started-at="2017-07-19T13:56:33Z" finished-at="2017-07-19T13:56:34Z">
          <reporter-output>
          </reporter-output>
        </test-method> <!-- Teardown -->
      </class> <!-- com.epam.test.GitHubTest -->
    </test> <!-- Test -->
  </suite> <!-- Suite -->
</testng-results>
