<?xml version="1.0" encoding="UTF-8"?>
<!-- Generated by org.testng.reporters.JUnitXMLReporter -->
<testsuite hostname="EPINHYDW0064" ignored="2" name="Surefire test" tests="1" failures="0" timestamp="18 Oct 2017 09:47:46 GMT" time="11.631" errors="0">
  <testcase name="clickOOPlink" time="7.602" classname="com.wikipedia.tests.WikiPediaTest"/>
  <testcase name="enterOOPinSearchBar" time="0.0" classname="com.wikipedia.tests.WikiPediaTest">
    <ignored/>
  </testcase> <!-- enterOOPinSearchBar -->
  <testcase name="selectSoftwareEnggBooch" time="0.0" classname="com.wikipedia.tests.WikiPediaTest">
    <ignored/>
  </testcase> <!-- selectSoftwareEnggBooch -->
</testsuite> <!-- Surefire test -->
