<?xml version="1.0" encoding="UTF-8"?>
<!-- Generated by org.testng.reporters.JUnitXMLReporter -->
<testsuite hostname="EPINHYDW0743" ignored="0" name="Test" tests="3" failures="0" timestamp="11 May 2017 09:43:19 GMT" time="52.991" errors="0">
  <testcase name="loginTest" time="12.768" classname="com.epam.tests.GitHubAutomationTest"/>
  <testcase name="editProfileTest" time="14.774" classname="com.epam.tests.GitHubAutomationTest"/>
  <testcase name="logoutTest" time="14.166" classname="com.epam.tests.GitHubAutomationTest"/>
</testsuite> <!-- Test -->
