<?xml version="1.0" encoding="UTF-8"?>
<!-- Generated by org.testng.reporters.JUnitXMLReporter -->
<testsuite hostname="EPINHYDW0743" ignored="0" name="Test" tests="3" failures="0" timestamp="28 Apr 2017 09:04:51 GMT" time="50.296" errors="0">
  <testcase name="loginTest" time="11.846" classname="tests.GitHubAutomationTest"/>
  <testcase name="editProfileTest" time="14.002" classname="tests.GitHubAutomationTest"/>
  <testcase name="logoutTest" time="14.15" classname="tests.GitHubAutomationTest"/>
</testsuite> <!-- Test -->
