<?xml version="1.0" encoding="UTF-8"?>
<!-- Generated by org.testng.reporters.JUnitXMLReporter -->
<testsuite hostname="EPINHYDW0064" ignored="0" name="Command line test" tests="3" failures="0" timestamp="18 Oct 2017 06:46:06 GMT" time="2.492" errors="0">
  <testcase name="@BeforeClass setup" time="0.0" classname="com.wikipedia.tests.ConfigurationTest">
    <failure type="java.lang.NoClassDefFoundError" message="org/openqa/selenium/interactions/internal/Locatable">
      <![CDATA[java.lang.NoClassDefFoundError: org/openqa/selenium/interactions/internal/Locatable
	at org.openqa.selenium.support.pagefactory.DefaultFieldDecorator.proxyForLocator(DefaultFieldDecorator.java:101)
	at org.openqa.selenium.support.pagefactory.DefaultFieldDecorator.decorate(DefaultFieldDecorator.java:62)
	at org.openqa.selenium.support.PageFactory.proxyFields(PageFactory.java:113)
	at org.openqa.selenium.support.PageFactory.initElements(PageFactory.java:105)
	at org.openqa.selenium.support.PageFactory.initElements(PageFactory.java:92)
	at org.openqa.selenium.support.PageFactory.initElements(PageFactory.java:79)
	at com.wikipedia.pages.WikiHomePage.<init>(WikiHomePage.java:28)
	at com.wikipedia.tests.ConfigurationTest.setup(ConfigurationTest.java:18)
Caused by: java.lang.ClassNotFoundException: org.openqa.selenium.interactions.internal.Locatable
	at java.net.URLClassLoader.findClass(URLClassLoader.java:381)
	at java.lang.ClassLoader.loadClass(ClassLoader.java:424)
	at sun.misc.Launcher$AppClassLoader.loadClass(Launcher.java:335)
	at java.lang.ClassLoader.loadClass(ClassLoader.java:357)
	... 43 more
... Removed 35 stack frames]]>
    </failure>
  </testcase> <!-- @BeforeClass setup -->
  <testcase name="@AfterClass teardown" time="0.0" classname="com.wikipedia.tests.ConfigurationTest">
    <skipped/>
  </testcase> <!-- @AfterClass teardown -->
  <testcase name="clickOOPlink" time="0.001" classname="com.wikipedia.tests.WikiPediaTest">
    <skipped/>
  </testcase> <!-- clickOOPlink -->
  <testcase name="enterOOPinSearchBar" time="0.0" classname="com.wikipedia.tests.WikiPediaTest">
    <skipped/>
  </testcase> <!-- enterOOPinSearchBar -->
  <testcase name="selectSoftwareEnggBooch" time="0.0" classname="com.wikipedia.tests.WikiPediaTest">
    <skipped/>
  </testcase> <!-- selectSoftwareEnggBooch -->
</testsuite> <!-- Command line test -->
