<?xml version="1.0" encoding="UTF-8"?>
<!-- Generated by org.testng.reporters.JUnitXMLReporter -->
<testsuite hostname="EPINHYDW0753" name="Command line test" tests="30" failures="0" timestamp="29 Nov 2016 06:39:34 GMT" time="10.965" errors="0">
  <testcase name="selectAndDeleteSportGrid" time="0.0" classname="functional.AdminLiveTest">
    <skipped/>
  </testcase> <!-- selectAndDeleteSportGrid -->
  <testcase name="verifyAddNewLivePopUp" time="0.0" classname="functional.AdminLiveTest">
    <skipped/>
  </testcase> <!-- verifyAddNewLivePopUp -->
  <testcase name="verifyLiveLink" time="0.0" classname="functional.AdminLiveTest">
    <skipped/>
  </testcase> <!-- verifyLiveLink -->
  <testcase name="selectAndDeleteNotificationGridTest" time="0.0" classname="functional.AdminNotificationGridTest">
    <skipped/>
  </testcase> <!-- selectAndDeleteNotificationGridTest -->
  <testcase name="verifyAddAndCloseNotificationPopUp" time="0.0" classname="functional.AdminNotificationGridTest">
    <skipped/>
  </testcase> <!-- verifyAddAndCloseNotificationPopUp -->
  <testcase name="verifyAddNewDepartmentPopUp" time="0.0" classname="functional.AdminNotificationGridTest">
    <skipped/>
  </testcase> <!-- verifyAddNewDepartmentPopUp -->
  <testcase name="verifyAddNewNotificationPopUpFunctionalityForGeneral" time="0.0" classname="functional.AdminNotificationGridTest">
    <skipped/>
  </testcase> <!-- verifyAddNewNotificationPopUpFunctionalityForGeneral -->
  <testcase name="verifyAddNewNotificationPopUpFunctionalityForMandatory" time="0.0" classname="functional.AdminNotificationGridTest">
    <skipped/>
  </testcase> <!-- verifyAddNewNotificationPopUpFunctionalityForMandatory -->
  <testcase name="verifyAdminNotification" time="1.01" classname="functional.AdminNotificationGridTest"/>
  <testcase name="verifyAdminNotificationLink" time="0.0" classname="functional.AdminNotificationGridTest">
    <skipped/>
  </testcase> <!-- verifyAdminNotificationLink -->
  <testcase name="liveLink" time="0.0" classname="functional.EmpGeneralTest">
    <skipped/>
  </testcase> <!-- liveLink -->
  <testcase name="clickEvent" time="0.0" classname="functional.EmployeeEventTest">
    <skipped/>
  </testcase> <!-- clickEvent -->
  <testcase name="verifyEventLink" time="0.0" classname="functional.EmployeeEventTest">
    <skipped/>
  </testcase> <!-- verifyEventLink -->
  <testcase name="verifyEmployeeLandingPage" time="0.0" classname="functional.EmployeeLandingPageTest">
    <skipped/>
  </testcase> <!-- verifyEmployeeLandingPage -->
  <testcase name="verifyMenuBarLinks" time="0.0" classname="functional.EmployeeLandingPageTest">
    <skipped/>
  </testcase> <!-- verifyMenuBarLinks -->
  <testcase name="EventLink" time="0.0" classname="functional.EventTest">
    <skipped/>
  </testcase> <!-- EventLink -->
  <testcase name="Sort" time="0.0" classname="functional.EventTest">
    <skipped/>
  </testcase> <!-- Sort -->
  <testcase name="addNewPopUp" time="0.0" classname="functional.EventTest">
    <skipped/>
  </testcase> <!-- addNewPopUp -->
  <testcase name="addingDescriptionPopUp" time="0.0" classname="functional.EventTest">
    <skipped/>
  </testcase> <!-- addingDescriptionPopUp -->
  <testcase name="selectAndDeleteGrid" time="0.0" classname="functional.EventTest">
    <skipped/>
  </testcase> <!-- selectAndDeleteGrid -->
  <testcase name="selectEventGrid" time="0.0" classname="functional.EventTest">
    <skipped/>
  </testcase> <!-- selectEventGrid -->
  <testcase name="loginWithInvalidCredentials" time="0.0" classname="functional.LoginTest">
    <skipped/>
  </testcase> <!-- loginWithInvalidCredentials -->
  <testcase name="loginWithValidCredentials" time="0.0" classname="functional.LoginTest">
    <skipped/>
  </testcase> <!-- loginWithValidCredentials -->
  <testcase name="logoutTestSuccessfull" time="0.0" classname="functional.LoginTest">
    <skipped/>
  </testcase> <!-- logoutTestSuccessfull -->
  <testcase name="resetBtnTest" time="0.0" classname="functional.LoginTest">
    <skipped/>
  </testcase> <!-- resetBtnTest -->
  <testcase name="submitBtnTest" time="0.0" classname="functional.LoginTest">
    <skipped/>
  </testcase> <!-- submitBtnTest -->
  <testcase name="GeneralLink" time="0.0" classname="functional.UserGeneralTest">
    <skipped/>
  </testcase> <!-- GeneralLink -->
  <testcase name="GeneralNotice" time="0.0" classname="functional.UserGeneralTest">
    <skipped/>
  </testcase> <!-- GeneralNotice -->
  <testcase name="GeneralRadio" time="0.0" classname="functional.UserGeneralTest">
    <skipped/>
  </testcase> <!-- GeneralRadio -->
  <testcase name="mandatoryLink" time="0.0" classname="functional.UserMandatoryTest">
    <skipped/>
  </testcase> <!-- mandatoryLink -->
</testsuite> <!-- Command line test -->
