<?xml version="1.0" encoding="UTF-8" ?>
<testsuite tests="30" failures="0" name="TestSuite" time="96.462" errors="0" skipped="29">
  <properties>
[...]
</properties>
  <testcase classname="functional.AdminLiveTest" name="selectAndDeleteSportGrid" time="9.262">
    <skipped/>
    <system-out>Configuring TestNG with: org.apache.maven.surefire.testng.conf.TestNG652Configurator@5c0369c4
</system-out>
    <system-err>Starting ChromeDriver 2.25.426923 (0390b88869384d6eb0d5d09729679f934aab9eed) on port 41356
Only local connections are allowed.
Nov 29, 2016 12:09:24 PM org.openqa.selenium.remote.ProtocolHandshake createSession
INFO: Attempting bi-dialect session, assuming Postel&apos;s Law holds true on the remote end
log4j:WARN No appenders could be found for logger (org.apache.http.client.protocol.RequestAddCookies).
log4j:WARN Please initialize the log4j system properly.
log4j:WARN See http://logging.apache.org/log4j/1.2/faq.html#noconfig for more info.
Nov 29, 2016 12:09:26 PM org.openqa.selenium.remote.ProtocolHandshake createSession
INFO: Detected dialect: OSS
Starting ChromeDriver 2.25.426923 (0390b88869384d6eb0d5d09729679f934aab9eed) on port 43686
Only local connections are allowed.
Nov 29, 2016 12:09:29 PM org.openqa.selenium.remote.ProtocolHandshake createSession
INFO: Attempting bi-dialect session, assuming Postel&apos;s Law holds true on the remote end
Nov 29, 2016 12:09:30 PM org.openqa.selenium.remote.ProtocolHandshake createSession
INFO: Detected dialect: OSS
</system-err>
  </testcase>
  <testcase classname="functional.AdminLiveTest" name="verifyAddNewLivePopUp" time="9.264">
    <skipped/>
  </testcase>
  <testcase classname="functional.AdminLiveTest" name="verifyLiveLink" time="9.264">
    <skipped/>
  </testcase>
  <testcase classname="functional.AdminNotificationGridTest" name="selectAndDeleteNotificationGridTest" time="9.265">
    <skipped/>
  </testcase>
  <testcase classname="functional.AdminNotificationGridTest" name="verifyAddAndCloseNotificationPopUp" time="9.265">
    <skipped/>
  </testcase>
  <testcase classname="functional.AdminNotificationGridTest" name="verifyAddNewDepartmentPopUp" time="9.265">
    <skipped/>
  </testcase>
  <testcase classname="functional.AdminNotificationGridTest" name="verifyAddNewNotificationPopUpFunctionalityForGeneral" time="9.265">
    <skipped/>
  </testcase>
  <testcase classname="functional.AdminNotificationGridTest" name="verifyAddNewNotificationPopUpFunctionalityForMandatory" time="9.265">
    <skipped/>
  </testcase>
  <testcase classname="functional.AdminNotificationGridTest" name="verifyAdminNotification" time="1.01"/>
  <testcase classname="functional.AdminNotificationGridTest" name="verifyAdminNotificationLink" time="1.011">
    <skipped/>
  </testcase>
  <testcase classname="functional.EmpGeneralTest" name="liveLink" time="1.012">
    <skipped/>
  </testcase>
  <testcase classname="functional.EmployeeEventTest" name="clickEvent" time="1.013">
    <skipped/>
  </testcase>
  <testcase classname="functional.EmployeeEventTest" name="verifyEventLink" time="1.013">
    <skipped/>
  </testcase>
  <testcase classname="functional.EmployeeLandingPageTest" name="verifyEmployeeLandingPage" time="1.013">
    <skipped/>
  </testcase>
  <testcase classname="functional.EmployeeLandingPageTest" name="verifyMenuBarLinks" time="1.014">
    <skipped/>
  </testcase>
  <testcase classname="functional.EventTest" name="EventLink" time="1.014">
    <skipped/>
  </testcase>
  <testcase classname="functional.EventTest" name="Sort" time="1.015">
    <skipped/>
  </testcase>
  <testcase classname="functional.EventTest" name="addNewPopUp" time="1.015">
    <skipped/>
  </testcase>
  <testcase classname="functional.EventTest" name="addingDescriptionPopUp" time="1.016">
    <skipped/>
  </testcase>
  <testcase classname="functional.EventTest" name="selectAndDeleteGrid" time="1.016">
    <skipped/>
  </testcase>
  <testcase classname="functional.EventTest" name="selectEventGrid" time="1.016">
    <skipped/>
  </testcase>
  <testcase classname="functional.LoginTest" name="loginWithInvalidCredentials" time="1.017">
    <skipped/>
  </testcase>
  <testcase classname="functional.LoginTest" name="loginWithValidCredentials" time="1.017">
    <skipped/>
  </testcase>
  <testcase classname="functional.LoginTest" name="logoutTestSuccessfull" time="1.018">
    <skipped/>
  </testcase>
  <testcase classname="functional.LoginTest" name="resetBtnTest" time="1.018">
    <skipped/>
  </testcase>
  <testcase classname="functional.LoginTest" name="submitBtnTest" time="1.019">
    <skipped/>
  </testcase>
  <testcase classname="functional.UserGeneralTest" name="GeneralLink" time="1.019">
    <skipped/>
  </testcase>
  <testcase classname="functional.UserGeneralTest" name="GeneralNotice" time="1.02">
    <skipped/>
  </testcase>
  <testcase classname="functional.UserGeneralTest" name="GeneralRadio" time="1.02">
    <skipped/>
  </testcase>
  <testcase classname="functional.UserMandatoryTest" name="mandatoryLink" time="1.021">
    <skipped/>
  </testcase>
</testsuite>