<?xml version="1.0" encoding="UTF-8"?>
<!-- Generated by org.testng.reporters.JUnitXMLReporter -->
<testsuite hostname="EPINHYDW0064" ignored="0" name="Test" tests="6" failures="0" timestamp="22 Aug 2017 06:50:05 GMT" time="0.041" errors="0">
  <testcase name="multiplicationTest" time="0.016" classname="com.epam.unittests.MulAndDivTest"/>
  <testcase name="divisionTest" time="0.016" classname="com.epam.unittests.MulAndDivTest"/>
  <testcase name="multiplicationTest" time="0.001" classname="com.epam.unittests.MulAndDivTest"/>
  <testcase name="divisionTest" time="0.001" classname="com.epam.unittests.MulAndDivTest"/>
  <testcase name="multiplicationTest" time="0.001" classname="com.epam.unittests.MulAndDivTest"/>
  <testcase name="divisionTest" time="0.001" classname="com.epam.unittests.MulAndDivTest"/>
</testsuite> <!-- Test -->
