<?xml version="1.0" encoding="UTF-8"?>
<!-- Generated by org.testng.reporters.JUnitXMLReporter -->
<testsuite hostname="EPINHYDW0064" ignored="0" name="Test" tests="3" failures="0" timestamp="18 Oct 2017 08:15:34 GMT" time="27.32" errors="0">
  <testcase name="enterOOPinSearchBar" time="5.906" classname="com.wikipedia.tests.WikiPediaTest"/>
  <testcase name="clickOOPlink" time="5.544" classname="com.wikipedia.tests.WikiPediaTest"/>
  <testcase name="selectSoftwareEnggBooch" time="6.356" classname="com.wikipedia.tests.WikiPediaTest"/>
</testsuite> <!-- Test -->
